Command line invocation:
    /Applications/Xcode.app/Contents/Developer/usr/bin/xcodebuild -project LyoApp.xcodeproj -scheme LyoApp build -destination "platform=iOS Simulator,name=iPhone 16,OS=18.5"

ComputePackagePrebuildTargetDependencyGraph

Prepare packages

CreateBuildRequest

SendProjectDescription

CreateBuildOperation

ComputeTargetDependencyGraph
note: Building targets in dependency order
note: Target dependency graph (1 target)
    Target 'LyoApp' in project 'LyoApp' (no dependencies)

GatherProvisioningInputs

CreateBuildDescription

ExecuteExternalTool /Applications/Xcode.app/Contents/Developer/Toolchains/XcodeDefault.xctoolchain/usr/bin/clang -v -E -dM -isysroot /Applications/Xcode.app/Contents/Developer/Platforms/iPhoneSimulator.platform/Developer/SDKs/iPhoneSimulator18.5.sdk -x c -c /dev/null

ExecuteExternalTool /Applications/Xcode.app/Contents/Developer/Toolchains/XcodeDefault.xctoolchain/usr/bin/swiftc --version

ExecuteExternalTool /Applications/Xcode.app/Contents/Developer/Toolchains/XcodeDefault.xctoolchain/usr/bin/ld -version_details

Build description signature: 501ba6a2c305a05f2d1e75b51b7eeb01
Build description path: /Users/republicalatuya/Library/Developer/Xcode/DerivedData/LyoApp-asvgsfxnkbxriacgtfylbmjqtrsy/Build/Intermediates.noindex/XCBuildData/501ba6a2c305a05f2d1e75b51b7eeb01.xcbuilddata
ProcessProductPackaging "" /Users/republicalatuya/Library/Developer/Xcode/DerivedData/LyoApp-asvgsfxnkbxriacgtfylbmjqtrsy/Build/Intermediates.noindex/LyoApp.build/Debug-iphonesimulator/LyoApp.build/LyoApp.app-Simulated.xcent (in target 'LyoApp' from project 'LyoApp')
    cd /Users/republicalatuya/Desktop/LyoApp\ July/LyoApp_Production
    
    Entitlements:
    
    {
    "application-identifier" = "5QZDMJGN7B.com.lyo.production.app";
}
    
    builtin-productPackagingUtility -entitlements -format xml -o /Users/republicalatuya/Library/Developer/Xcode/DerivedData/LyoApp-asvgsfxnkbxriacgtfylbmjqtrsy/Build/Intermediates.noindex/LyoApp.build/Debug-iphonesimulator/LyoApp.build/LyoApp.app-Simulated.xcent

ProcessProductPackagingDER /Users/republicalatuya/Library/Developer/Xcode/DerivedData/LyoApp-asvgsfxnkbxriacgtfylbmjqtrsy/Build/Intermediates.noindex/LyoApp.build/Debug-iphonesimulator/LyoApp.build/LyoApp.app-Simulated.xcent /Users/republicalatuya/Library/Developer/Xcode/DerivedData/LyoApp-asvgsfxnkbxriacgtfylbmjqtrsy/Build/Intermediates.noindex/LyoApp.build/Debug-iphonesimulator/LyoApp.build/LyoApp.app-Simulated.xcent.der (in target 'LyoApp' from project 'LyoApp')
    cd /Users/republicalatuya/Desktop/LyoApp\ July/LyoApp_Production
    /usr/bin/derq query -f xml -i /Users/republicalatuya/Library/Developer/Xcode/DerivedData/LyoApp-asvgsfxnkbxriacgtfylbmjqtrsy/Build/Intermediates.noindex/LyoApp.build/Debug-iphonesimulator/LyoApp.build/LyoApp.app-Simulated.xcent -o /Users/republicalatuya/Library/Developer/Xcode/DerivedData/LyoApp-asvgsfxnkbxriacgtfylbmjqtrsy/Build/Intermediates.noindex/LyoApp.build/Debug-iphonesimulator/LyoApp.build/LyoApp.app-Simulated.xcent.der --raw

ClangStatCache /Applications/Xcode.app/Contents/Developer/Toolchains/XcodeDefault.xctoolchain/usr/bin/clang-stat-cache /Applications/Xcode.app/Contents/Developer/Platforms/iPhoneSimulator.platform/Developer/SDKs/iPhoneSimulator18.5.sdk /Users/republicalatuya/Library/Developer/Xcode/DerivedData/SDKStatCaches.noindex/iphonesimulator18.5-22F76-d5fc8ad4295d2ef488fb7d0f804ce0c4.sdkstatcache
    cd /Users/republicalatuya/Desktop/LyoApp\ July/LyoApp_Production/LyoApp.xcodeproj
    /Applications/Xcode.app/Contents/Developer/Toolchains/XcodeDefault.xctoolchain/usr/bin/clang-stat-cache /Applications/Xcode.app/Contents/Developer/Platforms/iPhoneSimulator.platform/Developer/SDKs/iPhoneSimulator18.5.sdk -o /Users/republicalatuya/Library/Developer/Xcode/DerivedData/SDKStatCaches.noindex/iphonesimulator18.5-22F76-d5fc8ad4295d2ef488fb7d0f804ce0c4.sdkstatcache

ProcessInfoPlistFile /Users/republicalatuya/Library/Developer/Xcode/DerivedData/LyoApp-asvgsfxnkbxriacgtfylbmjqtrsy/Build/Products/Debug-iphonesimulator/LyoApp.app/Info.plist /Users/republicalatuya/Desktop/LyoApp\ July/LyoApp_Production/LyoApp/Info.plist (in target 'LyoApp' from project 'LyoApp')
    cd /Users/republicalatuya/Desktop/LyoApp\ July/LyoApp_Production
    builtin-infoPlistUtility /Users/republicalatuya/Desktop/LyoApp\ July/LyoApp_Production/LyoApp/Info.plist -producttype com.apple.product-type.application -genpkginfo /Users/republicalatuya/Library/Developer/Xcode/DerivedData/LyoApp-asvgsfxnkbxriacgtfylbmjqtrsy/Build/Products/Debug-iphonesimulator/LyoApp.app/PkgInfo -expandbuildsettings -format binary -platform iphonesimulator -o /Users/republicalatuya/Library/Developer/Xcode/DerivedData/LyoApp-asvgsfxnkbxriacgtfylbmjqtrsy/Build/Products/Debug-iphonesimulator/LyoApp.app/Info.plist

Ld /Users/republicalatuya/Library/Developer/Xcode/DerivedData/LyoApp-asvgsfxnkbxriacgtfylbmjqtrsy/Build/Products/Debug-iphonesimulator/LyoApp.app/LyoApp.debug.dylib normal (in target 'LyoApp' from project 'LyoApp')
    cd /Users/republicalatuya/Desktop/LyoApp\ July/LyoApp_Production
    /Applications/Xcode.app/Contents/Developer/Toolchains/XcodeDefault.xctoolchain/usr/bin/clang -Xlinker -reproducible -target x86_64-apple-ios17.0-simulator -dynamiclib -isysroot /Applications/Xcode.app/Contents/Developer/Platforms/iPhoneSimulator.platform/Developer/SDKs/iPhoneSimulator18.5.sdk -O0 -L/Users/republicalatuya/Library/Developer/Xcode/DerivedData/LyoApp-asvgsfxnkbxriacgtfylbmjqtrsy/Build/Intermediates.noindex/EagerLinkingTBDs/Debug-iphonesimulator -L/Users/republicalatuya/Library/Developer/Xcode/DerivedData/LyoApp-asvgsfxnkbxriacgtfylbmjqtrsy/Build/Products/Debug-iphonesimulator -F/Users/republicalatuya/Library/Developer/Xcode/DerivedData/LyoApp-asvgsfxnkbxriacgtfylbmjqtrsy/Build/Intermediates.noindex/EagerLinkingTBDs/Debug-iphonesimulator -F/Users/republicalatuya/Library/Developer/Xcode/DerivedData/LyoApp-asvgsfxnkbxriacgtfylbmjqtrsy/Build/Products/Debug-iphonesimulator -filelist /Users/republicalatuya/Library/Developer/Xcode/DerivedData/LyoApp-asvgsfxnkbxriacgtfylbmjqtrsy/Build/Intermediates.noindex/LyoApp.build/Debug-iphonesimulator/LyoApp.build/Objects-normal/x86_64/LyoApp.LinkFileList -install_name @rpath/LyoApp.debug.dylib -Xlinker -rpath -Xlinker @executable_path/Frameworks -dead_strip -Xlinker -object_path_lto -Xlinker /Users/republicalatuya/Library/Developer/Xcode/DerivedData/LyoApp-asvgsfxnkbxriacgtfylbmjqtrsy/Build/Intermediates.noindex/LyoApp.build/Debug-iphonesimulator/LyoApp.build/Objects-normal/x86_64/LyoApp_lto.o -rdynamic -Xlinker -no_deduplicate -Xlinker -objc_abi_version -Xlinker 2 -Xlinker -dependency_info -Xlinker /Users/republicalatuya/Library/Developer/Xcode/DerivedData/LyoApp-asvgsfxnkbxriacgtfylbmjqtrsy/Build/Intermediates.noindex/LyoApp.build/Debug-iphonesimulator/LyoApp.build/Objects-normal/x86_64/LyoApp_dependency_info.dat -fobjc-link-runtime -L/Applications/Xcode.app/Contents/Developer/Toolchains/XcodeDefault.xctoolchain/usr/lib/swift/iphonesimulator -L/usr/lib/swift -Xlinker -add_ast_path -Xlinker /Users/republicalatuya/Library/Developer/Xcode/DerivedData/LyoApp-asvgsfxnkbxriacgtfylbmjqtrsy/Build/Intermediates.noindex/LyoApp.build/Debug-iphonesimulator/LyoApp.build/Objects-normal/x86_64/LyoApp.swiftmodule -Xlinker -alias -Xlinker _main -Xlinker ___debug_main_executable_dylib_entry_point -Xlinker -no_adhoc_codesign -o /Users/republicalatuya/Library/Developer/Xcode/DerivedData/LyoApp-asvgsfxnkbxriacgtfylbmjqtrsy/Build/Products/Debug-iphonesimulator/LyoApp.app/LyoApp.debug.dylib

ConstructStubExecutorLinkFileList /Users/republicalatuya/Library/Developer/Xcode/DerivedData/LyoApp-asvgsfxnkbxriacgtfylbmjqtrsy/Build/Intermediates.noindex/LyoApp.build/Debug-iphonesimulator/LyoApp.build/LyoApp-ExecutorLinkFileList-normal-x86_64.txt (in target 'LyoApp' from project 'LyoApp')
    cd /Users/republicalatuya/Desktop/LyoApp\ July/LyoApp_Production
    construct-stub-executor-link-file-list /Users/republicalatuya/Library/Developer/Xcode/DerivedData/LyoApp-asvgsfxnkbxriacgtfylbmjqtrsy/Build/Products/Debug-iphonesimulator/LyoApp.app/LyoApp.debug.dylib /Applications/Xcode.app/Contents/Developer/Platforms/iPhoneSimulator.platform/Developer/usr/lib/libPreviewsJITStubExecutor_no_swift_entry_point.a /Applications/Xcode.app/Contents/Developer/Platforms/iPhoneSimulator.platform/Developer/usr/lib/libPreviewsJITStubExecutor.a --output /Users/republicalatuya/Library/Developer/Xcode/DerivedData/LyoApp-asvgsfxnkbxriacgtfylbmjqtrsy/Build/Intermediates.noindex/LyoApp.build/Debug-iphonesimulator/LyoApp.build/LyoApp-ExecutorLinkFileList-normal-x86_64.txt
note: Using stub executor library with Swift entry point. (in target 'LyoApp' from project 'LyoApp')

Ld /Users/republicalatuya/Library/Developer/Xcode/DerivedData/LyoApp-asvgsfxnkbxriacgtfylbmjqtrsy/Build/Products/Debug-iphonesimulator/LyoApp.app/LyoApp normal (in target 'LyoApp' from project 'LyoApp')
    cd /Users/republicalatuya/Desktop/LyoApp\ July/LyoApp_Production
    /Applications/Xcode.app/Contents/Developer/Toolchains/XcodeDefault.xctoolchain/usr/bin/clang -Xlinker -reproducible -target x86_64-apple-ios17.0-simulator -isysroot /Applications/Xcode.app/Contents/Developer/Platforms/iPhoneSimulator.platform/Developer/SDKs/iPhoneSimulator18.5.sdk -O0 -L/Users/republicalatuya/Library/Developer/Xcode/DerivedData/LyoApp-asvgsfxnkbxriacgtfylbmjqtrsy/Build/Products/Debug-iphonesimulator -F/Users/republicalatuya/Library/Developer/Xcode/DerivedData/LyoApp-asvgsfxnkbxriacgtfylbmjqtrsy/Build/Products/Debug-iphonesimulator -Xlinker -rpath -Xlinker @executable_path -Xlinker -rpath -Xlinker @executable_path/Frameworks -rdynamic -Xlinker -no_deduplicate -Xlinker -objc_abi_version -Xlinker 2 -e ___debug_blank_executor_main -Xlinker -sectcreate -Xlinker __TEXT -Xlinker __debug_dylib -Xlinker /Users/republicalatuya/Library/Developer/Xcode/DerivedData/LyoApp-asvgsfxnkbxriacgtfylbmjqtrsy/Build/Intermediates.noindex/LyoApp.build/Debug-iphonesimulator/LyoApp.build/LyoApp-DebugDylibPath-normal-x86_64.txt -Xlinker -sectcreate -Xlinker __TEXT -Xlinker __debug_instlnm -Xlinker /Users/republicalatuya/Library/Developer/Xcode/DerivedData/LyoApp-asvgsfxnkbxriacgtfylbmjqtrsy/Build/Intermediates.noindex/LyoApp.build/Debug-iphonesimulator/LyoApp.build/LyoApp-DebugDylibInstallName-normal-x86_64.txt -Xlinker -filelist -Xlinker /Users/republicalatuya/Library/Developer/Xcode/DerivedData/LyoApp-asvgsfxnkbxriacgtfylbmjqtrsy/Build/Intermediates.noindex/LyoApp.build/Debug-iphonesimulator/LyoApp.build/LyoApp-ExecutorLinkFileList-normal-x86_64.txt -Xlinker -sectcreate -Xlinker __TEXT -Xlinker __entitlements -Xlinker /Users/republicalatuya/Library/Developer/Xcode/DerivedData/LyoApp-asvgsfxnkbxriacgtfylbmjqtrsy/Build/Intermediates.noindex/LyoApp.build/Debug-iphonesimulator/LyoApp.build/LyoApp.app-Simulated.xcent -Xlinker -sectcreate -Xlinker __TEXT -Xlinker __ents_der -Xlinker /Users/republicalatuya/Library/Developer/Xcode/DerivedData/LyoApp-asvgsfxnkbxriacgtfylbmjqtrsy/Build/Intermediates.noindex/LyoApp.build/Debug-iphonesimulator/LyoApp.build/LyoApp.app-Simulated.xcent.der /Users/republicalatuya/Library/Developer/Xcode/DerivedData/LyoApp-asvgsfxnkbxriacgtfylbmjqtrsy/Build/Products/Debug-iphonesimulator/LyoApp.app/LyoApp.debug.dylib -Xlinker -no_adhoc_codesign -o /Users/republicalatuya/Library/Developer/Xcode/DerivedData/LyoApp-asvgsfxnkbxriacgtfylbmjqtrsy/Build/Products/Debug-iphonesimulator/LyoApp.app/LyoApp

CopySwiftLibs /Users/republicalatuya/Library/Developer/Xcode/DerivedData/LyoApp-asvgsfxnkbxriacgtfylbmjqtrsy/Build/Products/Debug-iphonesimulator/LyoApp.app (in target 'LyoApp' from project 'LyoApp')
    cd /Users/republicalatuya/Desktop/LyoApp\ July/LyoApp_Production
    builtin-swiftStdLibTool --copy --verbose --sign - --scan-executable /Users/republicalatuya/Library/Developer/Xcode/DerivedData/LyoApp-asvgsfxnkbxriacgtfylbmjqtrsy/Build/Products/Debug-iphonesimulator/LyoApp.app/LyoApp.debug.dylib --scan-folder /Users/republicalatuya/Library/Developer/Xcode/DerivedData/LyoApp-asvgsfxnkbxriacgtfylbmjqtrsy/Build/Products/Debug-iphonesimulator/LyoApp.app/Frameworks --scan-folder /Users/republicalatuya/Library/Developer/Xcode/DerivedData/LyoApp-asvgsfxnkbxriacgtfylbmjqtrsy/Build/Products/Debug-iphonesimulator/LyoApp.app/PlugIns --scan-folder /Users/republicalatuya/Library/Developer/Xcode/DerivedData/LyoApp-asvgsfxnkbxriacgtfylbmjqtrsy/Build/Products/Debug-iphonesimulator/LyoApp.app/SystemExtensions --scan-folder /Users/republicalatuya/Library/Developer/Xcode/DerivedData/LyoApp-asvgsfxnkbxriacgtfylbmjqtrsy/Build/Products/Debug-iphonesimulator/LyoApp.app/Extensions --platform iphonesimulator --toolchain /Applications/Xcode.app/Contents/Developer/Toolchains/XcodeDefault.xctoolchain --destination /Users/republicalatuya/Library/Developer/Xcode/DerivedData/LyoApp-asvgsfxnkbxriacgtfylbmjqtrsy/Build/Products/Debug-iphonesimulator/LyoApp.app/Frameworks --strip-bitcode --strip-bitcode-tool /Applications/Xcode.app/Contents/Developer/Toolchains/XcodeDefault.xctoolchain/usr/bin/bitcode_strip --emit-dependency-info /Users/republicalatuya/Library/Developer/Xcode/DerivedData/LyoApp-asvgsfxnkbxriacgtfylbmjqtrsy/Build/Intermediates.noindex/LyoApp.build/Debug-iphonesimulator/LyoApp.build/SwiftStdLibToolInputDependencies.dep --filter-for-swift-os

ExtractAppIntentsMetadata (in target 'LyoApp' from project 'LyoApp')
    cd /Users/republicalatuya/Desktop/LyoApp\ July/LyoApp_Production
    /Applications/Xcode.app/Contents/Developer/Toolchains/XcodeDefault.xctoolchain/usr/bin/appintentsmetadataprocessor --toolchain-dir /Applications/Xcode.app/Contents/Developer/Toolchains/XcodeDefault.xctoolchain --module-name LyoApp --sdk-root /Applications/Xcode.app/Contents/Developer/Platforms/iPhoneSimulator.platform/Developer/SDKs/iPhoneSimulator18.5.sdk --xcode-version 16F6 --platform-family iOS --deployment-target 17.0 --bundle-identifier com.lyo.production.app --output /Users/republicalatuya/Library/Developer/Xcode/DerivedData/LyoApp-asvgsfxnkbxriacgtfylbmjqtrsy/Build/Products/Debug-iphonesimulator/LyoApp.app --target-triple x86_64-apple-ios17.0-simulator --binary-file /Users/republicalatuya/Library/Developer/Xcode/DerivedData/LyoApp-asvgsfxnkbxriacgtfylbmjqtrsy/Build/Products/Debug-iphonesimulator/LyoApp.app/LyoApp --dependency-file /Users/republicalatuya/Library/Developer/Xcode/DerivedData/LyoApp-asvgsfxnkbxriacgtfylbmjqtrsy/Build/Intermediates.noindex/LyoApp.build/Debug-iphonesimulator/LyoApp.build/Objects-normal/x86_64/LyoApp_dependency_info.dat --stringsdata-file /Users/republicalatuya/Library/Developer/Xcode/DerivedData/LyoApp-asvgsfxnkbxriacgtfylbmjqtrsy/Build/Intermediates.noindex/LyoApp.build/Debug-iphonesimulator/LyoApp.build/Objects-normal/x86_64/ExtractedAppShortcutsMetadata.stringsdata --source-file-list /Users/republicalatuya/Library/Developer/Xcode/DerivedData/LyoApp-asvgsfxnkbxriacgtfylbmjqtrsy/Build/Intermediates.noindex/LyoApp.build/Debug-iphonesimulator/LyoApp.build/Objects-normal/x86_64/LyoApp.SwiftFileList --metadata-file-list /Users/republicalatuya/Library/Developer/Xcode/DerivedData/LyoApp-asvgsfxnkbxriacgtfylbmjqtrsy/Build/Intermediates.noindex/LyoApp.build/Debug-iphonesimulator/LyoApp.build/LyoApp.DependencyMetadataFileList --static-metadata-file-list /Users/republicalatuya/Library/Developer/Xcode/DerivedData/LyoApp-asvgsfxnkbxriacgtfylbmjqtrsy/Build/Intermediates.noindex/LyoApp.build/Debug-iphonesimulator/LyoApp.build/LyoApp.DependencyStaticMetadataFileList --swift-const-vals-list /Users/republicalatuya/Library/Developer/Xcode/DerivedData/LyoApp-asvgsfxnkbxriacgtfylbmjqtrsy/Build/Intermediates.noindex/LyoApp.build/Debug-iphonesimulator/LyoApp.build/Objects-normal/x86_64/LyoApp.SwiftConstValuesFileList --compile-time-extraction --deployment-aware-processing --validate-assistant-intents --no-app-shortcuts-localization
2025-08-12 23:49:38.292 appintentsmetadataprocessor[86945:1738630] Starting appintentsmetadataprocessor export
2025-08-12 23:49:38.295 appintentsmetadataprocessor[86945:1738630] warning: Metadata extraction skipped. No AppIntents.framework dependency found.

CodeSign /Users/republicalatuya/Library/Developer/Xcode/DerivedData/LyoApp-asvgsfxnkbxriacgtfylbmjqtrsy/Build/Products/Debug-iphonesimulator/LyoApp.app/LyoApp.debug.dylib (in target 'LyoApp' from project 'LyoApp')
    cd /Users/republicalatuya/Desktop/LyoApp\ July/LyoApp_Production
    
    Signing Identity:     "Sign to Run Locally"
    
    /usr/bin/codesign --force --sign - --timestamp\=none --generate-entitlement-der /Users/republicalatuya/Library/Developer/Xcode/DerivedData/LyoApp-asvgsfxnkbxriacgtfylbmjqtrsy/Build/Products/Debug-iphonesimulator/LyoApp.app/LyoApp.debug.dylib

CodeSign /Users/republicalatuya/Library/Developer/Xcode/DerivedData/LyoApp-asvgsfxnkbxriacgtfylbmjqtrsy/Build/Products/Debug-iphonesimulator/LyoApp.app (in target 'LyoApp' from project 'LyoApp')
    cd /Users/republicalatuya/Desktop/LyoApp\ July/LyoApp_Production
    
    Signing Identity:     "Sign to Run Locally"
    
    /usr/bin/codesign --force --sign - --timestamp\=none --generate-entitlement-der /Users/republicalatuya/Library/Developer/Xcode/DerivedData/LyoApp-asvgsfxnkbxriacgtfylbmjqtrsy/Build/Products/Debug-iphonesimulator/LyoApp.app

Validate /Users/republicalatuya/Library/Developer/Xcode/DerivedData/LyoApp-asvgsfxnkbxriacgtfylbmjqtrsy/Build/Products/Debug-iphonesimulator/LyoApp.app (in target 'LyoApp' from project 'LyoApp')
    cd /Users/republicalatuya/Desktop/LyoApp\ July/LyoApp_Production
    builtin-validationUtility /Users/republicalatuya/Library/Developer/Xcode/DerivedData/LyoApp-asvgsfxnkbxriacgtfylbmjqtrsy/Build/Products/Debug-iphonesimulator/LyoApp.app -infoplist-subpath Info.plist

** BUILD SUCCEEDED **

