Command line invocation:
    /Applications/Xcode.app/Contents/Developer/usr/bin/xcodebuild -project LyoApp.xcodeproj -scheme "LyoApp 1" -sdk iphonesimulator build

Build settings from command line:
    SDKROOT = iphonesimulator26.0

Resolve Package Graph


Resolved source packages:
  GoogleUtilities: https://github.com/google/GoogleUtilities.git @ 8.1.0
  Firebase: https://github.com/firebase/firebase-ios-sdk @ 12.4.0
  Promises: https://github.com/google/promises.git @ 2.4.0
  nanopb: https://github.com/firebase/nanopb.git @ 2.30910.0
  AppCheck: https://github.com/google/app-check.git @ 11.2.0
  GoogleAdsOnDeviceConversion: https://github.com/googleads/google-ads-on-device-conversion-ios-sdk @ 3.1.0
  GoogleAppMeasurement: https://github.com/google/GoogleAppMeasurement.git @ 12.4.0
  InteropForGoogle: https://github.com/google/interop-ios-for-google-sdks.git @ 101.0.0
  gRPC: https://github.com/google/grpc-binary.git @ 1.69.1
  SwiftProtobuf: https://github.com/apple/swift-protobuf.git @ 1.32.0
  abseil: https://github.com/google/abseil-cpp-binary.git @ 1.2024072200.0
  GoogleDataTransport: https://github.com/google/GoogleDataTransport.git @ 10.1.0
  GTMSessionFetcher: https://github.com/google/gtm-session-fetcher.git @ 5.0.0
  leveldb: https://github.com/firebase/leveldb.git @ 1.22.5

--- xcodebuild: WARNING: Using the first of multiple matching destinations:
{ platform:iOS Simulator, id:dvtdevice-DVTiOSDeviceSimulatorPlaceholder-iphonesimulator:placeholder, name:Any iOS Simulator Device }
{ platform:iOS Simulator, arch:x86_64, id:969F7B0C-CE3E-416F-B36D-7F6F5B8D4070, OS:26.0, name:iPad (A16) }
{ platform:iOS Simulator, arch:x86_64, id:A8AD144F-8F86-4781-A376-3BA0890D9550, OS:26.0, name:iPad Air 11-inch (M3) }
{ platform:iOS Simulator, arch:x86_64, id:E99B6877-2EB3-4DC4-8C5B-1319B398DFB6, OS:26.0, name:iPad Air 13-inch (M3) }
{ platform:iOS Simulator, arch:x86_64, id:AC35454E-B4F7-4788-8D7A-F0A018F944E0, OS:26.0, name:iPad Pro 11-inch (M4) }
{ platform:iOS Simulator, arch:x86_64, id:D254F99D-BE18-49F5-9191-CA7F7450F2EB, OS:26.0, name:iPad Pro 13-inch (M4) }
{ platform:iOS Simulator, arch:x86_64, id:8630AE5F-1202-4062-843F-C54B563E82E2, OS:26.0, name:iPad mini (A17 Pro) }
{ platform:iOS Simulator, arch:x86_64, id:AC0C3BCA-A0DB-4C35-A14D-D5A8E9FA3E35, OS:26.0, name:iPhone 16e }
{ platform:iOS Simulator, arch:x86_64, id:3243647D-F0AA-4D63-8F57-E22B543D5545, OS:26.0, name:iPhone 17 }
{ platform:iOS Simulator, arch:x86_64, id:571DF9CA-B139-4B55-AA9D-3828F6909A56, OS:26.0, name:iPhone 17 Pro }
{ platform:iOS Simulator, arch:x86_64, id:96CEA208-CE94-40A0-AA8A-B3C5585D63AD, OS:26.0, name:iPhone 17 Pro }
{ platform:iOS Simulator, arch:x86_64, id:52D7434D-E569-451A-8CB8-62DA407F33AE, OS:26.0, name:iPhone 17 Pro Max }
{ platform:iOS Simulator, arch:x86_64, id:F44321EE-65BA-457C-B662-A4DE9DEAC88C, OS:26.0, name:iPhone Air }
{ platform:iOS, id:dvtdevice-DVTiPhonePlaceholder-iphoneos:placeholder, name:Any iOS Device }
{ platform:iOS, arch:arm64, id:00008110-001C5C603EE1801E, name:Hector’s iPhone }
ComputePackagePrebuildTargetDependencyGraph

Prepare packages

CreateBuildRequest

SendProjectDescription

CreateBuildOperation

ComputeTargetDependencyGraph
note: Building targets in dependency order
note: Target dependency graph (1 target)
    Target 'LyoApp' in project 'LyoApp' (no dependencies)

GatherProvisioningInputs

CreateBuildDescription

ExecuteExternalTool /Applications/Xcode.app/Contents/Developer/Toolchains/XcodeDefault.xctoolchain/usr/bin/clang -v -E -dM -isysroot /Applications/Xcode.app/Contents/Developer/Platforms/iPhoneSimulator.platform/Developer/SDKs/iPhoneSimulator26.0.sdk -x c -c /dev/null

ExecuteExternalTool /Applications/Xcode.app/Contents/Developer/usr/bin/ibtool --version --output-format xml1

ExecuteExternalTool /Applications/Xcode.app/Contents/Developer/usr/bin/actool --print-asset-tag-combinations --output-format xml1 /Users/hectorgarcia/Desktop/LyoApp July/LyoApp/Assets.xcassets /Users/hectorgarcia/Desktop/LyoApp July/LyoApp/Preview Content/Preview Assets.xcassets

ExecuteExternalTool /Applications/Xcode.app/Contents/Developer/usr/bin/actool --version --output-format xml1

ExecuteExternalTool /Applications/Xcode.app/Contents/Developer/Toolchains/XcodeDefault.xctoolchain/usr/bin/swiftc --version

ExecuteExternalTool /Applications/Xcode.app/Contents/Developer/Toolchains/XcodeDefault.xctoolchain/usr/bin/ld -version_details

Build description signature: 253713d0aeaeabdbf47a0bbec4d12ca3
Build description path: /Users/hectorgarcia/Library/Developer/Xcode/DerivedData/LyoApp-ghvryrcyjlackpepinlapfrpuols/Build/Intermediates.noindex/XCBuildData/253713d0aeaeabdbf47a0bbec4d12ca3.xcbuilddata
ClangStatCache /Applications/Xcode.app/Contents/Developer/Toolchains/XcodeDefault.xctoolchain/usr/bin/clang-stat-cache /Applications/Xcode.app/Contents/Developer/Platforms/iPhoneSimulator.platform/Developer/SDKs/iPhoneSimulator26.0.sdk /Users/hectorgarcia/Library/Developer/Xcode/DerivedData/SDKStatCaches.noindex/iphonesimulator26.0-23A339-26257891a6c027eb51374368541b8346.sdkstatcache
    cd /Users/hectorgarcia/Desktop/LyoApp\ July/LyoApp.xcodeproj
    /Applications/Xcode.app/Contents/Developer/Toolchains/XcodeDefault.xctoolchain/usr/bin/clang-stat-cache /Applications/Xcode.app/Contents/Developer/Platforms/iPhoneSimulator.platform/Developer/SDKs/iPhoneSimulator26.0.sdk -o /Users/hectorgarcia/Library/Developer/Xcode/DerivedData/SDKStatCaches.noindex/iphonesimulator26.0-23A339-26257891a6c027eb51374368541b8346.sdkstatcache

CreateBuildDirectory /Users/hectorgarcia/Library/Developer/Xcode/DerivedData/LyoApp-ghvryrcyjlackpepinlapfrpuols/Build/Intermediates.noindex/EagerLinkingTBDs/Release-iphonesimulator
    cd /Users/hectorgarcia/Desktop/LyoApp\ July/LyoApp.xcodeproj
    builtin-create-build-directory /Users/hectorgarcia/Library/Developer/Xcode/DerivedData/LyoApp-ghvryrcyjlackpepinlapfrpuols/Build/Intermediates.noindex/EagerLinkingTBDs/Release-iphonesimulator

CreateBuildDirectory /Users/hectorgarcia/Library/Developer/Xcode/DerivedData/LyoApp-ghvryrcyjlackpepinlapfrpuols/Build/Products/Release-iphonesimulator
    cd /Users/hectorgarcia/Desktop/LyoApp\ July/LyoApp.xcodeproj
    builtin-create-build-directory /Users/hectorgarcia/Library/Developer/Xcode/DerivedData/LyoApp-ghvryrcyjlackpepinlapfrpuols/Build/Products/Release-iphonesimulator

WriteAuxiliaryFile /Users/hectorgarcia/Library/Developer/Xcode/DerivedData/LyoApp-ghvryrcyjlackpepinlapfrpuols/Build/Intermediates.noindex/LyoApp.build/Release-iphonesimulator/LyoApp-987bc8ce7d15f8cca858b5162b2566fd-VFS-iphonesimulator/all-product-headers.yaml
    cd /Users/hectorgarcia/Desktop/LyoApp\ July/LyoApp.xcodeproj
    write-file /Users/hectorgarcia/Library/Developer/Xcode/DerivedData/LyoApp-ghvryrcyjlackpepinlapfrpuols/Build/Intermediates.noindex/LyoApp.build/Release-iphonesimulator/LyoApp-987bc8ce7d15f8cca858b5162b2566fd-VFS-iphonesimulator/all-product-headers.yaml

WriteAuxiliaryFile /Users/hectorgarcia/Library/Developer/Xcode/DerivedData/LyoApp-ghvryrcyjlackpepinlapfrpuols/Build/Intermediates.noindex/LyoApp.build/Release-iphonesimulator/LyoApp.build/Objects-normal/arm64/LyoApp_const_extract_protocols.json (in target 'LyoApp' from project 'LyoApp')
    cd /Users/hectorgarcia/Desktop/LyoApp\ July
    write-file /Users/hectorgarcia/Library/Developer/Xcode/DerivedData/LyoApp-ghvryrcyjlackpepinlapfrpuols/Build/Intermediates.noindex/LyoApp.build/Release-iphonesimulator/LyoApp.build/Objects-normal/arm64/LyoApp_const_extract_protocols.json

WriteAuxiliaryFile /Users/hectorgarcia/Library/Developer/Xcode/DerivedData/LyoApp-ghvryrcyjlackpepinlapfrpuols/Build/Intermediates.noindex/LyoApp.build/Release-iphonesimulator/LyoApp.build/Objects-normal/arm64/LyoApp.LinkFileList (in target 'LyoApp' from project 'LyoApp')
    cd /Users/hectorgarcia/Desktop/LyoApp\ July
    write-file /Users/hectorgarcia/Library/Developer/Xcode/DerivedData/LyoApp-ghvryrcyjlackpepinlapfrpuols/Build/Intermediates.noindex/LyoApp.build/Release-iphonesimulator/LyoApp.build/Objects-normal/arm64/LyoApp.LinkFileList

WriteAuxiliaryFile /Users/hectorgarcia/Library/Developer/Xcode/DerivedData/LyoApp-ghvryrcyjlackpepinlapfrpuols/Build/Intermediates.noindex/LyoApp.build/Release-iphonesimulator/LyoApp.build/LyoApp.hmap (in target 'LyoApp' from project 'LyoApp')
    cd /Users/hectorgarcia/Desktop/LyoApp\ July
    write-file /Users/hectorgarcia/Library/Developer/Xcode/DerivedData/LyoApp-ghvryrcyjlackpepinlapfrpuols/Build/Intermediates.noindex/LyoApp.build/Release-iphonesimulator/LyoApp.build/LyoApp.hmap

WriteAuxiliaryFile /Users/hectorgarcia/Library/Developer/Xcode/DerivedData/LyoApp-ghvryrcyjlackpepinlapfrpuols/Build/Intermediates.noindex/LyoApp.build/Release-iphonesimulator/LyoApp.build/Objects-normal/x86_64/LyoApp-OutputFileMap.json (in target 'LyoApp' from project 'LyoApp')
    cd /Users/hectorgarcia/Desktop/LyoApp\ July
    write-file /Users/hectorgarcia/Library/Developer/Xcode/DerivedData/LyoApp-ghvryrcyjlackpepinlapfrpuols/Build/Intermediates.noindex/LyoApp.build/Release-iphonesimulator/LyoApp.build/Objects-normal/x86_64/LyoApp-OutputFileMap.json

WriteAuxiliaryFile /Users/hectorgarcia/Library/Developer/Xcode/DerivedData/LyoApp-ghvryrcyjlackpepinlapfrpuols/Build/Intermediates.noindex/LyoApp.build/Release-iphonesimulator/LyoApp.build/Objects-normal/arm64/LyoApp-OutputFileMap.json (in target 'LyoApp' from project 'LyoApp')
    cd /Users/hectorgarcia/Desktop/LyoApp\ July
    write-file /Users/hectorgarcia/Library/Developer/Xcode/DerivedData/LyoApp-ghvryrcyjlackpepinlapfrpuols/Build/Intermediates.noindex/LyoApp.build/Release-iphonesimulator/LyoApp.build/Objects-normal/arm64/LyoApp-OutputFileMap.json

WriteAuxiliaryFile /Users/hectorgarcia/Library/Developer/Xcode/DerivedData/LyoApp-ghvryrcyjlackpepinlapfrpuols/Build/Intermediates.noindex/LyoApp.build/Release-iphonesimulator/LyoApp.build/Objects-normal/x86_64/LyoApp_const_extract_protocols.json (in target 'LyoApp' from project 'LyoApp')
    cd /Users/hectorgarcia/Desktop/LyoApp\ July
    write-file /Users/hectorgarcia/Library/Developer/Xcode/DerivedData/LyoApp-ghvryrcyjlackpepinlapfrpuols/Build/Intermediates.noindex/LyoApp.build/Release-iphonesimulator/LyoApp.build/Objects-normal/x86_64/LyoApp_const_extract_protocols.json

WriteAuxiliaryFile /Users/hectorgarcia/Library/Developer/Xcode/DerivedData/LyoApp-ghvryrcyjlackpepinlapfrpuols/Build/Intermediates.noindex/LyoApp.build/Release-iphonesimulator/LyoApp.build/Objects-normal/x86_64/LyoApp.LinkFileList (in target 'LyoApp' from project 'LyoApp')
    cd /Users/hectorgarcia/Desktop/LyoApp\ July
    write-file /Users/hectorgarcia/Library/Developer/Xcode/DerivedData/LyoApp-ghvryrcyjlackpepinlapfrpuols/Build/Intermediates.noindex/LyoApp.build/Release-iphonesimulator/LyoApp.build/Objects-normal/x86_64/LyoApp.LinkFileList

WriteAuxiliaryFile /Users/hectorgarcia/Library/Developer/Xcode/DerivedData/LyoApp-ghvryrcyjlackpepinlapfrpuols/Build/Intermediates.noindex/LyoApp.build/Release-iphonesimulator/LyoApp.build/Objects-normal/x86_64/LyoApp.SwiftFileList (in target 'LyoApp' from project 'LyoApp')
    cd /Users/hectorgarcia/Desktop/LyoApp\ July
    write-file /Users/hectorgarcia/Library/Developer/Xcode/DerivedData/LyoApp-ghvryrcyjlackpepinlapfrpuols/Build/Intermediates.noindex/LyoApp.build/Release-iphonesimulator/LyoApp.build/Objects-normal/x86_64/LyoApp.SwiftFileList

WriteAuxiliaryFile /Users/hectorgarcia/Library/Developer/Xcode/DerivedData/LyoApp-ghvryrcyjlackpepinlapfrpuols/Build/Intermediates.noindex/LyoApp.build/Release-iphonesimulator/LyoApp.build/Objects-normal/x86_64/LyoApp.SwiftConstValuesFileList (in target 'LyoApp' from project 'LyoApp')
    cd /Users/hectorgarcia/Desktop/LyoApp\ July
    write-file /Users/hectorgarcia/Library/Developer/Xcode/DerivedData/LyoApp-ghvryrcyjlackpepinlapfrpuols/Build/Intermediates.noindex/LyoApp.build/Release-iphonesimulator/LyoApp.build/Objects-normal/x86_64/LyoApp.SwiftConstValuesFileList

WriteAuxiliaryFile /Users/hectorgarcia/Library/Developer/Xcode/DerivedData/LyoApp-ghvryrcyjlackpepinlapfrpuols/Build/Intermediates.noindex/LyoApp.build/Release-iphonesimulator/LyoApp.build/Objects-normal/arm64/LyoApp.SwiftFileList (in target 'LyoApp' from project 'LyoApp')
    cd /Users/hectorgarcia/Desktop/LyoApp\ July
    write-file /Users/hectorgarcia/Library/Developer/Xcode/DerivedData/LyoApp-ghvryrcyjlackpepinlapfrpuols/Build/Intermediates.noindex/LyoApp.build/Release-iphonesimulator/LyoApp.build/Objects-normal/arm64/LyoApp.SwiftFileList

WriteAuxiliaryFile /Users/hectorgarcia/Library/Developer/Xcode/DerivedData/LyoApp-ghvryrcyjlackpepinlapfrpuols/Build/Intermediates.noindex/LyoApp.build/Release-iphonesimulator/LyoApp.build/Objects-normal/arm64/LyoApp.SwiftConstValuesFileList (in target 'LyoApp' from project 'LyoApp')
    cd /Users/hectorgarcia/Desktop/LyoApp\ July
    write-file /Users/hectorgarcia/Library/Developer/Xcode/DerivedData/LyoApp-ghvryrcyjlackpepinlapfrpuols/Build/Intermediates.noindex/LyoApp.build/Release-iphonesimulator/LyoApp.build/Objects-normal/arm64/LyoApp.SwiftConstValuesFileList

WriteAuxiliaryFile /Users/hectorgarcia/Library/Developer/Xcode/DerivedData/LyoApp-ghvryrcyjlackpepinlapfrpuols/Build/Intermediates.noindex/LyoApp.build/Release-iphonesimulator/LyoApp.build/LyoApp.DependencyStaticMetadataFileList (in target 'LyoApp' from project 'LyoApp')
    cd /Users/hectorgarcia/Desktop/LyoApp\ July
    write-file /Users/hectorgarcia/Library/Developer/Xcode/DerivedData/LyoApp-ghvryrcyjlackpepinlapfrpuols/Build/Intermediates.noindex/LyoApp.build/Release-iphonesimulator/LyoApp.build/LyoApp.DependencyStaticMetadataFileList

WriteAuxiliaryFile /Users/hectorgarcia/Library/Developer/Xcode/DerivedData/LyoApp-ghvryrcyjlackpepinlapfrpuols/Build/Intermediates.noindex/LyoApp.build/Release-iphonesimulator/LyoApp.build/LyoApp.DependencyMetadataFileList (in target 'LyoApp' from project 'LyoApp')
    cd /Users/hectorgarcia/Desktop/LyoApp\ July
    write-file /Users/hectorgarcia/Library/Developer/Xcode/DerivedData/LyoApp-ghvryrcyjlackpepinlapfrpuols/Build/Intermediates.noindex/LyoApp.build/Release-iphonesimulator/LyoApp.build/LyoApp.DependencyMetadataFileList

WriteAuxiliaryFile /Users/hectorgarcia/Library/Developer/Xcode/DerivedData/LyoApp-ghvryrcyjlackpepinlapfrpuols/Build/Intermediates.noindex/LyoApp.build/Release-iphonesimulator/LyoApp.build/LyoApp-project-headers.hmap (in target 'LyoApp' from project 'LyoApp')
    cd /Users/hectorgarcia/Desktop/LyoApp\ July
    write-file /Users/hectorgarcia/Library/Developer/Xcode/DerivedData/LyoApp-ghvryrcyjlackpepinlapfrpuols/Build/Intermediates.noindex/LyoApp.build/Release-iphonesimulator/LyoApp.build/LyoApp-project-headers.hmap

WriteAuxiliaryFile /Users/hectorgarcia/Library/Developer/Xcode/DerivedData/LyoApp-ghvryrcyjlackpepinlapfrpuols/Build/Intermediates.noindex/LyoApp.build/Release-iphonesimulator/LyoApp.build/LyoApp-own-target-headers.hmap (in target 'LyoApp' from project 'LyoApp')
    cd /Users/hectorgarcia/Desktop/LyoApp\ July
    write-file /Users/hectorgarcia/Library/Developer/Xcode/DerivedData/LyoApp-ghvryrcyjlackpepinlapfrpuols/Build/Intermediates.noindex/LyoApp.build/Release-iphonesimulator/LyoApp.build/LyoApp-own-target-headers.hmap

WriteAuxiliaryFile /Users/hectorgarcia/Library/Developer/Xcode/DerivedData/LyoApp-ghvryrcyjlackpepinlapfrpuols/Build/Intermediates.noindex/LyoApp.build/Release-iphonesimulator/LyoApp.build/LyoApp-generated-files.hmap (in target 'LyoApp' from project 'LyoApp')
    cd /Users/hectorgarcia/Desktop/LyoApp\ July
    write-file /Users/hectorgarcia/Library/Developer/Xcode/DerivedData/LyoApp-ghvryrcyjlackpepinlapfrpuols/Build/Intermediates.noindex/LyoApp.build/Release-iphonesimulator/LyoApp.build/LyoApp-generated-files.hmap

WriteAuxiliaryFile /Users/hectorgarcia/Library/Developer/Xcode/DerivedData/LyoApp-ghvryrcyjlackpepinlapfrpuols/Build/Intermediates.noindex/LyoApp.build/Release-iphonesimulator/LyoApp.build/LyoApp-all-target-headers.hmap (in target 'LyoApp' from project 'LyoApp')
    cd /Users/hectorgarcia/Desktop/LyoApp\ July
    write-file /Users/hectorgarcia/Library/Developer/Xcode/DerivedData/LyoApp-ghvryrcyjlackpepinlapfrpuols/Build/Intermediates.noindex/LyoApp.build/Release-iphonesimulator/LyoApp.build/LyoApp-all-target-headers.hmap

WriteAuxiliaryFile /Users/hectorgarcia/Library/Developer/Xcode/DerivedData/LyoApp-ghvryrcyjlackpepinlapfrpuols/Build/Intermediates.noindex/LyoApp.build/Release-iphonesimulator/LyoApp.build/LyoApp-all-non-framework-target-headers.hmap (in target 'LyoApp' from project 'LyoApp')
    cd /Users/hectorgarcia/Desktop/LyoApp\ July
    write-file /Users/hectorgarcia/Library/Developer/Xcode/DerivedData/LyoApp-ghvryrcyjlackpepinlapfrpuols/Build/Intermediates.noindex/LyoApp.build/Release-iphonesimulator/LyoApp.build/LyoApp-all-non-framework-target-headers.hmap

WriteAuxiliaryFile /Users/hectorgarcia/Library/Developer/Xcode/DerivedData/LyoApp-ghvryrcyjlackpepinlapfrpuols/Build/Intermediates.noindex/LyoApp.build/Release-iphonesimulator/LyoApp.build/DerivedSources/Entitlements-Simulated.plist (in target 'LyoApp' from project 'LyoApp')
    cd /Users/hectorgarcia/Desktop/LyoApp\ July
    write-file /Users/hectorgarcia/Library/Developer/Xcode/DerivedData/LyoApp-ghvryrcyjlackpepinlapfrpuols/Build/Intermediates.noindex/LyoApp.build/Release-iphonesimulator/LyoApp.build/DerivedSources/Entitlements-Simulated.plist

MkDir /Users/hectorgarcia/Library/Developer/Xcode/DerivedData/LyoApp-ghvryrcyjlackpepinlapfrpuols/Build/Products/Release-iphonesimulator/LyoApp.app (in target 'LyoApp' from project 'LyoApp')
    cd /Users/hectorgarcia/Desktop/LyoApp\ July
    /bin/mkdir -p /Users/hectorgarcia/Library/Developer/Xcode/DerivedData/LyoApp-ghvryrcyjlackpepinlapfrpuols/Build/Products/Release-iphonesimulator/LyoApp.app

ProcessProductPackaging "" /Users/hectorgarcia/Library/Developer/Xcode/DerivedData/LyoApp-ghvryrcyjlackpepinlapfrpuols/Build/Intermediates.noindex/LyoApp.build/Release-iphonesimulator/LyoApp.build/LyoApp.app-Simulated.xcent (in target 'LyoApp' from project 'LyoApp')
    cd /Users/hectorgarcia/Desktop/LyoApp\ July
    
    Entitlements:
    
    {
    "application-identifier" = "5QZDMJGN7B.com.lyo.app";
}
    
    builtin-productPackagingUtility -entitlements -format xml -o /Users/hectorgarcia/Library/Developer/Xcode/DerivedData/LyoApp-ghvryrcyjlackpepinlapfrpuols/Build/Intermediates.noindex/LyoApp.build/Release-iphonesimulator/LyoApp.build/LyoApp.app-Simulated.xcent

ProcessProductPackagingDER /Users/hectorgarcia/Library/Developer/Xcode/DerivedData/LyoApp-ghvryrcyjlackpepinlapfrpuols/Build/Intermediates.noindex/LyoApp.build/Release-iphonesimulator/LyoApp.build/LyoApp.app-Simulated.xcent /Users/hectorgarcia/Library/Developer/Xcode/DerivedData/LyoApp-ghvryrcyjlackpepinlapfrpuols/Build/Intermediates.noindex/LyoApp.build/Release-iphonesimulator/LyoApp.build/LyoApp.app-Simulated.xcent.der (in target 'LyoApp' from project 'LyoApp')
    cd /Users/hectorgarcia/Desktop/LyoApp\ July
    /usr/bin/derq query -f xml -i /Users/hectorgarcia/Library/Developer/Xcode/DerivedData/LyoApp-ghvryrcyjlackpepinlapfrpuols/Build/Intermediates.noindex/LyoApp.build/Release-iphonesimulator/LyoApp.build/LyoApp.app-Simulated.xcent -o /Users/hectorgarcia/Library/Developer/Xcode/DerivedData/LyoApp-ghvryrcyjlackpepinlapfrpuols/Build/Intermediates.noindex/LyoApp.build/Release-iphonesimulator/LyoApp.build/LyoApp.app-Simulated.xcent.der --raw

GenerateAssetSymbols /Users/hectorgarcia/Desktop/LyoApp\ July/LyoApp/Assets.xcassets /Users/hectorgarcia/Desktop/LyoApp\ July/LyoApp/Preview\ Content/Preview\ Assets.xcassets (in target 'LyoApp' from project 'LyoApp')
    cd /Users/hectorgarcia/Desktop/LyoApp\ July
    /Applications/Xcode.app/Contents/Developer/usr/bin/actool /Users/hectorgarcia/Desktop/LyoApp\ July/LyoApp/Assets.xcassets /Users/hectorgarcia/Desktop/LyoApp\ July/LyoApp/Preview\ Content/Preview\ Assets.xcassets --compile /Users/hectorgarcia/Library/Developer/Xcode/DerivedData/LyoApp-ghvryrcyjlackpepinlapfrpuols/Build/Products/Release-iphonesimulator/LyoApp.app --output-format human-readable-text --notices --warnings --export-dependency-info /Users/hectorgarcia/Library/Developer/Xcode/DerivedData/LyoApp-ghvryrcyjlackpepinlapfrpuols/Build/Intermediates.noindex/LyoApp.build/Release-iphonesimulator/LyoApp.build/assetcatalog_dependencies --output-partial-info-plist /Users/hectorgarcia/Library/Developer/Xcode/DerivedData/LyoApp-ghvryrcyjlackpepinlapfrpuols/Build/Intermediates.noindex/LyoApp.build/Release-iphonesimulator/LyoApp.build/assetcatalog_generated_info.plist --app-icon AppIcon --accent-color AccentColor --compress-pngs --enable-on-demand-resources YES --development-region en --target-device iphone --target-device ipad --minimum-deployment-target 17.0 --platform iphonesimulator --bundle-identifier com.lyo.app --generate-swift-asset-symbols /Users/hectorgarcia/Library/Developer/Xcode/DerivedData/LyoApp-ghvryrcyjlackpepinlapfrpuols/Build/Intermediates.noindex/LyoApp.build/Release-iphonesimulator/LyoApp.build/DerivedSources/GeneratedAssetSymbols.swift --generate-objc-asset-symbols /Users/hectorgarcia/Library/Developer/Xcode/DerivedData/LyoApp-ghvryrcyjlackpepinlapfrpuols/Build/Intermediates.noindex/LyoApp.build/Release-iphonesimulator/LyoApp.build/DerivedSources/GeneratedAssetSymbols.h --generate-asset-symbol-index /Users/hectorgarcia/Library/Developer/Xcode/DerivedData/LyoApp-ghvryrcyjlackpepinlapfrpuols/Build/Intermediates.noindex/LyoApp.build/Release-iphonesimulator/LyoApp.build/DerivedSources/GeneratedAssetSymbols-Index.plist
/* com.apple.actool.compilation-results */
/Users/hectorgarcia/Library/Developer/Xcode/DerivedData/LyoApp-ghvryrcyjlackpepinlapfrpuols/Build/Intermediates.noindex/LyoApp.build/Release-iphonesimulator/LyoApp.build/DerivedSources/GeneratedAssetSymbols-Index.plist
/Users/hectorgarcia/Library/Developer/Xcode/DerivedData/LyoApp-ghvryrcyjlackpepinlapfrpuols/Build/Intermediates.noindex/LyoApp.build/Release-iphonesimulator/LyoApp.build/DerivedSources/GeneratedAssetSymbols.h
/Users/hectorgarcia/Library/Developer/Xcode/DerivedData/LyoApp-ghvryrcyjlackpepinlapfrpuols/Build/Intermediates.noindex/LyoApp.build/Release-iphonesimulator/LyoApp.build/DerivedSources/GeneratedAssetSymbols.swift


CpResource /Users/hectorgarcia/Library/Developer/Xcode/DerivedData/LyoApp-ghvryrcyjlackpepinlapfrpuols/Build/Products/Release-iphonesimulator/LyoApp.app/validation-script.sh /Users/hectorgarcia/Desktop/LyoApp\ July/LyoApp/Core/Networking/validation-script.sh (in target 'LyoApp' from project 'LyoApp')
    cd /Users/hectorgarcia/Desktop/LyoApp\ July
    builtin-copy -exclude .DS_Store -exclude CVS -exclude .svn -exclude .git -exclude .hg -resolve-src-symlinks /Users/hectorgarcia/Desktop/LyoApp\ July/LyoApp/Core/Networking/validation-script.sh /Users/hectorgarcia/Library/Developer/Xcode/DerivedData/LyoApp-ghvryrcyjlackpepinlapfrpuols/Build/Products/Release-iphonesimulator/LyoApp.app

MkDir /Users/hectorgarcia/Library/Developer/Xcode/DerivedData/LyoApp-ghvryrcyjlackpepinlapfrpuols/Build/Intermediates.noindex/LyoApp.build/Release-iphonesimulator/LyoApp.build/assetcatalog_output/unthinned (in target 'LyoApp' from project 'LyoApp')
    cd /Users/hectorgarcia/Desktop/LyoApp\ July
    /bin/mkdir -p /Users/hectorgarcia/Library/Developer/Xcode/DerivedData/LyoApp-ghvryrcyjlackpepinlapfrpuols/Build/Intermediates.noindex/LyoApp.build/Release-iphonesimulator/LyoApp.build/assetcatalog_output/unthinned

MkDir /Users/hectorgarcia/Library/Developer/Xcode/DerivedData/LyoApp-ghvryrcyjlackpepinlapfrpuols/Build/Intermediates.noindex/LyoApp.build/Release-iphonesimulator/LyoApp.build/assetcatalog_output/thinned (in target 'LyoApp' from project 'LyoApp')
    cd /Users/hectorgarcia/Desktop/LyoApp\ July
    /bin/mkdir -p /Users/hectorgarcia/Library/Developer/Xcode/DerivedData/LyoApp-ghvryrcyjlackpepinlapfrpuols/Build/Intermediates.noindex/LyoApp.build/Release-iphonesimulator/LyoApp.build/assetcatalog_output/thinned

CpResource /Users/hectorgarcia/Library/Developer/Xcode/DerivedData/LyoApp-ghvryrcyjlackpepinlapfrpuols/Build/Products/Release-iphonesimulator/LyoApp.app/BACKEND_SETUP.md /Users/hectorgarcia/Desktop/LyoApp\ July/LyoApp/Core/Networking/BACKEND_SETUP.md (in target 'LyoApp' from project 'LyoApp')
    cd /Users/hectorgarcia/Desktop/LyoApp\ July
    builtin-copy -exclude .DS_Store -exclude CVS -exclude .svn -exclude .git -exclude .hg -resolve-src-symlinks /Users/hectorgarcia/Desktop/LyoApp\ July/LyoApp/Core/Networking/BACKEND_SETUP.md /Users/hectorgarcia/Library/Developer/Xcode/DerivedData/LyoApp-ghvryrcyjlackpepinlapfrpuols/Build/Products/Release-iphonesimulator/LyoApp.app

CpResource /Users/hectorgarcia/Library/Developer/Xcode/DerivedData/LyoApp-ghvryrcyjlackpepinlapfrpuols/Build/Products/Release-iphonesimulator/LyoApp.app/DEPLOYMENT-READINESS.md /Users/hectorgarcia/Desktop/LyoApp\ July/LyoApp/Core/Networking/DEPLOYMENT-READINESS.md (in target 'LyoApp' from project 'LyoApp')
    cd /Users/hectorgarcia/Desktop/LyoApp\ July
    builtin-copy -exclude .DS_Store -exclude CVS -exclude .svn -exclude .git -exclude .hg -resolve-src-symlinks /Users/hectorgarcia/Desktop/LyoApp\ July/LyoApp/Core/Networking/DEPLOYMENT-READINESS.md /Users/hectorgarcia/Library/Developer/Xcode/DerivedData/LyoApp-ghvryrcyjlackpepinlapfrpuols/Build/Products/Release-iphonesimulator/LyoApp.app

CompileStoryboard /Users/hectorgarcia/Desktop/LyoApp\ July/LyoApp/LaunchScreen.storyboard (in target 'LyoApp' from project 'LyoApp')
    cd /Users/hectorgarcia/Desktop/LyoApp\ July
    /Applications/Xcode.app/Contents/Developer/usr/bin/ibtool --errors --warnings --notices --module LyoApp --output-partial-info-plist /Users/hectorgarcia/Library/Developer/Xcode/DerivedData/LyoApp-ghvryrcyjlackpepinlapfrpuols/Build/Intermediates.noindex/LyoApp.build/Release-iphonesimulator/LyoApp.build/LaunchScreen-SBPartialInfo.plist --auto-activate-custom-fonts --target-device iphone --target-device ipad --minimum-deployment-target 17.0 --output-format human-readable-text /Users/hectorgarcia/Desktop/LyoApp\ July/LyoApp/LaunchScreen.storyboard --compilation-directory /Users/hectorgarcia/Library/Developer/Xcode/DerivedData/LyoApp-ghvryrcyjlackpepinlapfrpuols/Build/Intermediates.noindex/LyoApp.build/Release-iphonesimulator/LyoApp.build

CompileAssetCatalogVariant thinned /Users/hectorgarcia/Library/Developer/Xcode/DerivedData/LyoApp-ghvryrcyjlackpepinlapfrpuols/Build/Products/Release-iphonesimulator/LyoApp.app /Users/hectorgarcia/Desktop/LyoApp\ July/LyoApp/Assets.xcassets /Users/hectorgarcia/Desktop/LyoApp\ July/LyoApp/Preview\ Content/Preview\ Assets.xcassets (in target 'LyoApp' from project 'LyoApp')
    cd /Users/hectorgarcia/Desktop/LyoApp\ July
    /Applications/Xcode.app/Contents/Developer/usr/bin/actool /Users/hectorgarcia/Desktop/LyoApp\ July/LyoApp/Assets.xcassets /Users/hectorgarcia/Desktop/LyoApp\ July/LyoApp/Preview\ Content/Preview\ Assets.xcassets --compile /Users/hectorgarcia/Library/Developer/Xcode/DerivedData/LyoApp-ghvryrcyjlackpepinlapfrpuols/Build/Intermediates.noindex/LyoApp.build/Release-iphonesimulator/LyoApp.build/assetcatalog_output/thinned --output-format human-readable-text --notices --warnings --export-dependency-info /Users/hectorgarcia/Library/Developer/Xcode/DerivedData/LyoApp-ghvryrcyjlackpepinlapfrpuols/Build/Intermediates.noindex/LyoApp.build/Release-iphonesimulator/LyoApp.build/assetcatalog_dependencies_thinned --output-partial-info-plist /Users/hectorgarcia/Library/Developer/Xcode/DerivedData/LyoApp-ghvryrcyjlackpepinlapfrpuols/Build/Intermediates.noindex/LyoApp.build/Release-iphonesimulator/LyoApp.build/assetcatalog_generated_info.plist_thinned --app-icon AppIcon --accent-color AccentColor --compress-pngs --enable-on-demand-resources YES --development-region en --target-device iphone --target-device ipad --minimum-deployment-target 17.0 --platform iphonesimulator

SwiftDriver\ Compilation LyoApp normal arm64 com.apple.xcode.tools.swift.compiler (in target 'LyoApp' from project 'LyoApp')
    cd /Users/hectorgarcia/Desktop/LyoApp\ July
    builtin-Swift-Compilation -- /Applications/Xcode.app/Contents/Developer/Toolchains/XcodeDefault.xctoolchain/usr/bin/swiftc -module-name LyoApp -O -whole-module-optimization -enforce-exclusivity\=checked @/Users/hectorgarcia/Library/Developer/Xcode/DerivedData/LyoApp-ghvryrcyjlackpepinlapfrpuols/Build/Intermediates.noindex/LyoApp.build/Release-iphonesimulator/LyoApp.build/Objects-normal/arm64/LyoApp.SwiftFileList -enable-bare-slash-regex -enable-experimental-feature DebugDescriptionMacro -sdk /Applications/Xcode.app/Contents/Developer/Platforms/iPhoneSimulator.platform/Developer/SDKs/iPhoneSimulator26.0.sdk -target arm64-apple-ios17.0-simulator -g -module-cache-path /Users/hectorgarcia/Library/Developer/Xcode/DerivedData/ModuleCache.noindex -Xfrontend -serialize-debugging-options -swift-version 5 -I /Users/hectorgarcia/Library/Developer/Xcode/DerivedData/LyoApp-ghvryrcyjlackpepinlapfrpuols/Build/Products/Release-iphonesimulator -F /Users/hectorgarcia/Library/Developer/Xcode/DerivedData/LyoApp-ghvryrcyjlackpepinlapfrpuols/Build/Products/Release-iphonesimulator -c -num-threads 8 -Xcc -ivfsstatcache -Xcc /Users/hectorgarcia/Library/Developer/Xcode/DerivedData/SDKStatCaches.noindex/iphonesimulator26.0-23A339-26257891a6c027eb51374368541b8346.sdkstatcache -output-file-map /Users/hectorgarcia/Library/Developer/Xcode/DerivedData/LyoApp-ghvryrcyjlackpepinlapfrpuols/Build/Intermediates.noindex/LyoApp.build/Release-iphonesimulator/LyoApp.build/Objects-normal/arm64/LyoApp-OutputFileMap.json -use-frontend-parseable-output -save-temps -no-color-diagnostics -explicit-module-build -module-cache-path /Users/hectorgarcia/Library/Developer/Xcode/DerivedData/LyoApp-ghvryrcyjlackpepinlapfrpuols/Build/Intermediates.noindex/SwiftExplicitPrecompiledModules -clang-scanner-module-cache-path /Users/hectorgarcia/Library/Developer/Xcode/DerivedData/ModuleCache.noindex -sdk-module-cache-path /Users/hectorgarcia/Library/Developer/Xcode/DerivedData/ModuleCache.noindex -serialize-diagnostics -emit-dependencies -emit-module -emit-module-path /Users/hectorgarcia/Library/Developer/Xcode/DerivedData/LyoApp-ghvryrcyjlackpepinlapfrpuols/Build/Intermediates.noindex/LyoApp.build/Release-iphonesimulator/LyoApp.build/Objects-normal/arm64/LyoApp.swiftmodule -validate-clang-modules-once -clang-build-session-file /Users/hectorgarcia/Library/Developer/Xcode/DerivedData/ModuleCache.noindex/Session.modulevalidation -Xcc -I/Users/hectorgarcia/Library/Developer/Xcode/DerivedData/LyoApp-ghvryrcyjlackpepinlapfrpuols/Build/Intermediates.noindex/LyoApp.build/Release-iphonesimulator/LyoApp.build/swift-overrides.hmap -emit-const-values -Xfrontend -const-gather-protocols-file -Xfrontend /Users/hectorgarcia/Library/Developer/Xcode/DerivedData/LyoApp-ghvryrcyjlackpepinlapfrpuols/Build/Intermediates.noindex/LyoApp.build/Release-iphonesimulator/LyoApp.build/Objects-normal/arm64/LyoApp_const_extract_protocols.json -Xcc -iquote -Xcc /Users/hectorgarcia/Library/Developer/Xcode/DerivedData/LyoApp-ghvryrcyjlackpepinlapfrpuols/Build/Intermediates.noindex/LyoApp.build/Release-iphonesimulator/LyoApp.build/LyoApp-generated-files.hmap -Xcc -I/Users/hectorgarcia/Library/Developer/Xcode/DerivedData/LyoApp-ghvryrcyjlackpepinlapfrpuols/Build/Intermediates.noindex/LyoApp.build/Release-iphonesimulator/LyoApp.build/LyoApp-own-target-headers.hmap -Xcc -I/Users/hectorgarcia/Library/Developer/Xcode/DerivedData/LyoApp-ghvryrcyjlackpepinlapfrpuols/Build/Intermediates.noindex/LyoApp.build/Release-iphonesimulator/LyoApp.build/LyoApp-all-target-headers.hmap -Xcc -iquote -Xcc /Users/hectorgarcia/Library/Developer/Xcode/DerivedData/LyoApp-ghvryrcyjlackpepinlapfrpuols/Build/Intermediates.noindex/LyoApp.build/Release-iphonesimulator/LyoApp.build/LyoApp-project-headers.hmap -Xcc -I/Users/hectorgarcia/Library/Developer/Xcode/DerivedData/LyoApp-ghvryrcyjlackpepinlapfrpuols/Build/Products/Release-iphonesimulator/include -Xcc -I/Users/hectorgarcia/Library/Developer/Xcode/DerivedData/LyoApp-ghvryrcyjlackpepinlapfrpuols/Build/Intermediates.noindex/LyoApp.build/Release-iphonesimulator/LyoApp.build/DerivedSources-normal/arm64 -Xcc -I/Users/hectorgarcia/Library/Developer/Xcode/DerivedData/LyoApp-ghvryrcyjlackpepinlapfrpuols/Build/Intermediates.noindex/LyoApp.build/Release-iphonesimulator/LyoApp.build/DerivedSources/arm64 -Xcc -I/Users/hectorgarcia/Library/Developer/Xcode/DerivedData/LyoApp-ghvryrcyjlackpepinlapfrpuols/Build/Intermediates.noindex/LyoApp.build/Release-iphonesimulator/LyoApp.build/DerivedSources -emit-objc-header -emit-objc-header-path /Users/hectorgarcia/Library/Developer/Xcode/DerivedData/LyoApp-ghvryrcyjlackpepinlapfrpuols/Build/Intermediates.noindex/LyoApp.build/Release-iphonesimulator/LyoApp.build/Objects-normal/arm64/LyoApp-Swift.h -working-directory /Users/hectorgarcia/Desktop/LyoApp\ July -no-emit-module-separately-wmo
error: Build input files cannot be found: '/Users/hectorgarcia/Desktop/LyoApp July/LyoApp/Config/APIKeys.swift', '/Users/hectorgarcia/Desktop/LyoApp July/LyoApp/TypingIndicator.swift'. Did you forget to declare these files as outputs of any script phases or custom build rules which produce them? (in target 'LyoApp' from project 'LyoApp')

SwiftDriver\ Compilation LyoApp normal x86_64 com.apple.xcode.tools.swift.compiler (in target 'LyoApp' from project 'LyoApp')
    cd /Users/hectorgarcia/Desktop/LyoApp\ July
    builtin-Swift-Compilation -- /Applications/Xcode.app/Contents/Developer/Toolchains/XcodeDefault.xctoolchain/usr/bin/swiftc -module-name LyoApp -O -whole-module-optimization -enforce-exclusivity\=checked @/Users/hectorgarcia/Library/Developer/Xcode/DerivedData/LyoApp-ghvryrcyjlackpepinlapfrpuols/Build/Intermediates.noindex/LyoApp.build/Release-iphonesimulator/LyoApp.build/Objects-normal/x86_64/LyoApp.SwiftFileList -enable-bare-slash-regex -enable-experimental-feature DebugDescriptionMacro -sdk /Applications/Xcode.app/Contents/Developer/Platforms/iPhoneSimulator.platform/Developer/SDKs/iPhoneSimulator26.0.sdk -target x86_64-apple-ios17.0-simulator -g -module-cache-path /Users/hectorgarcia/Library/Developer/Xcode/DerivedData/ModuleCache.noindex -Xfrontend -serialize-debugging-options -swift-version 5 -I /Users/hectorgarcia/Library/Developer/Xcode/DerivedData/LyoApp-ghvryrcyjlackpepinlapfrpuols/Build/Products/Release-iphonesimulator -F /Users/hectorgarcia/Library/Developer/Xcode/DerivedData/LyoApp-ghvryrcyjlackpepinlapfrpuols/Build/Products/Release-iphonesimulator -c -num-threads 8 -Xcc -ivfsstatcache -Xcc /Users/hectorgarcia/Library/Developer/Xcode/DerivedData/SDKStatCaches.noindex/iphonesimulator26.0-23A339-26257891a6c027eb51374368541b8346.sdkstatcache -output-file-map /Users/hectorgarcia/Library/Developer/Xcode/DerivedData/LyoApp-ghvryrcyjlackpepinlapfrpuols/Build/Intermediates.noindex/LyoApp.build/Release-iphonesimulator/LyoApp.build/Objects-normal/x86_64/LyoApp-OutputFileMap.json -use-frontend-parseable-output -save-temps -no-color-diagnostics -explicit-module-build -module-cache-path /Users/hectorgarcia/Library/Developer/Xcode/DerivedData/LyoApp-ghvryrcyjlackpepinlapfrpuols/Build/Intermediates.noindex/SwiftExplicitPrecompiledModules -clang-scanner-module-cache-path /Users/hectorgarcia/Library/Developer/Xcode/DerivedData/ModuleCache.noindex -sdk-module-cache-path /Users/hectorgarcia/Library/Developer/Xcode/DerivedData/ModuleCache.noindex -serialize-diagnostics -emit-dependencies -emit-module -emit-module-path /Users/hectorgarcia/Library/Developer/Xcode/DerivedData/LyoApp-ghvryrcyjlackpepinlapfrpuols/Build/Intermediates.noindex/LyoApp.build/Release-iphonesimulator/LyoApp.build/Objects-normal/x86_64/LyoApp.swiftmodule -validate-clang-modules-once -clang-build-session-file /Users/hectorgarcia/Library/Developer/Xcode/DerivedData/ModuleCache.noindex/Session.modulevalidation -Xcc -I/Users/hectorgarcia/Library/Developer/Xcode/DerivedData/LyoApp-ghvryrcyjlackpepinlapfrpuols/Build/Intermediates.noindex/LyoApp.build/Release-iphonesimulator/LyoApp.build/swift-overrides.hmap -emit-const-values -Xfrontend -const-gather-protocols-file -Xfrontend /Users/hectorgarcia/Library/Developer/Xcode/DerivedData/LyoApp-ghvryrcyjlackpepinlapfrpuols/Build/Intermediates.noindex/LyoApp.build/Release-iphonesimulator/LyoApp.build/Objects-normal/x86_64/LyoApp_const_extract_protocols.json -Xcc -iquote -Xcc /Users/hectorgarcia/Library/Developer/Xcode/DerivedData/LyoApp-ghvryrcyjlackpepinlapfrpuols/Build/Intermediates.noindex/LyoApp.build/Release-iphonesimulator/LyoApp.build/LyoApp-generated-files.hmap -Xcc -I/Users/hectorgarcia/Library/Developer/Xcode/DerivedData/LyoApp-ghvryrcyjlackpepinlapfrpuols/Build/Intermediates.noindex/LyoApp.build/Release-iphonesimulator/LyoApp.build/LyoApp-own-target-headers.hmap -Xcc -I/Users/hectorgarcia/Library/Developer/Xcode/DerivedData/LyoApp-ghvryrcyjlackpepinlapfrpuols/Build/Intermediates.noindex/LyoApp.build/Release-iphonesimulator/LyoApp.build/LyoApp-all-target-headers.hmap -Xcc -iquote -Xcc /Users/hectorgarcia/Library/Developer/Xcode/DerivedData/LyoApp-ghvryrcyjlackpepinlapfrpuols/Build/Intermediates.noindex/LyoApp.build/Release-iphonesimulator/LyoApp.build/LyoApp-project-headers.hmap -Xcc -I/Users/hectorgarcia/Library/Developer/Xcode/DerivedData/LyoApp-ghvryrcyjlackpepinlapfrpuols/Build/Products/Release-iphonesimulator/include -Xcc -I/Users/hectorgarcia/Library/Developer/Xcode/DerivedData/LyoApp-ghvryrcyjlackpepinlapfrpuols/Build/Intermediates.noindex/LyoApp.build/Release-iphonesimulator/LyoApp.build/DerivedSources-normal/x86_64 -Xcc -I/Users/hectorgarcia/Library/Developer/Xcode/DerivedData/LyoApp-ghvryrcyjlackpepinlapfrpuols/Build/Intermediates.noindex/LyoApp.build/Release-iphonesimulator/LyoApp.build/DerivedSources/x86_64 -Xcc -I/Users/hectorgarcia/Library/Developer/Xcode/DerivedData/LyoApp-ghvryrcyjlackpepinlapfrpuols/Build/Intermediates.noindex/LyoApp.build/Release-iphonesimulator/LyoApp.build/DerivedSources -emit-objc-header -emit-objc-header-path /Users/hectorgarcia/Library/Developer/Xcode/DerivedData/LyoApp-ghvryrcyjlackpepinlapfrpuols/Build/Intermediates.noindex/LyoApp.build/Release-iphonesimulator/LyoApp.build/Objects-normal/x86_64/LyoApp-Swift.h -working-directory /Users/hectorgarcia/Desktop/LyoApp\ July -no-emit-module-separately-wmo
error: Build input files cannot be found: '/Users/hectorgarcia/Desktop/LyoApp July/LyoApp/Config/APIKeys.swift', '/Users/hectorgarcia/Desktop/LyoApp July/LyoApp/TypingIndicator.swift'. Did you forget to declare these files as outputs of any script phases or custom build rules which produce them? (in target 'LyoApp' from project 'LyoApp')

SwiftDriver\ Compilation\ Requirements LyoApp normal x86_64 com.apple.xcode.tools.swift.compiler (in target 'LyoApp' from project 'LyoApp')
    cd /Users/hectorgarcia/Desktop/LyoApp\ July
    builtin-Swift-Compilation-Requirements -- /Applications/Xcode.app/Contents/Developer/Toolchains/XcodeDefault.xctoolchain/usr/bin/swiftc -module-name LyoApp -O -whole-module-optimization -enforce-exclusivity\=checked @/Users/hectorgarcia/Library/Developer/Xcode/DerivedData/LyoApp-ghvryrcyjlackpepinlapfrpuols/Build/Intermediates.noindex/LyoApp.build/Release-iphonesimulator/LyoApp.build/Objects-normal/x86_64/LyoApp.SwiftFileList -enable-bare-slash-regex -enable-experimental-feature DebugDescriptionMacro -sdk /Applications/Xcode.app/Contents/Developer/Platforms/iPhoneSimulator.platform/Developer/SDKs/iPhoneSimulator26.0.sdk -target x86_64-apple-ios17.0-simulator -g -module-cache-path /Users/hectorgarcia/Library/Developer/Xcode/DerivedData/ModuleCache.noindex -Xfrontend -serialize-debugging-options -swift-version 5 -I /Users/hectorgarcia/Library/Developer/Xcode/DerivedData/LyoApp-ghvryrcyjlackpepinlapfrpuols/Build/Products/Release-iphonesimulator -F /Users/hectorgarcia/Library/Developer/Xcode/DerivedData/LyoApp-ghvryrcyjlackpepinlapfrpuols/Build/Products/Release-iphonesimulator -c -num-threads 8 -Xcc -ivfsstatcache -Xcc /Users/hectorgarcia/Library/Developer/Xcode/DerivedData/SDKStatCaches.noindex/iphonesimulator26.0-23A339-26257891a6c027eb51374368541b8346.sdkstatcache -output-file-map /Users/hectorgarcia/Library/Developer/Xcode/DerivedData/LyoApp-ghvryrcyjlackpepinlapfrpuols/Build/Intermediates.noindex/LyoApp.build/Release-iphonesimulator/LyoApp.build/Objects-normal/x86_64/LyoApp-OutputFileMap.json -use-frontend-parseable-output -save-temps -no-color-diagnostics -explicit-module-build -module-cache-path /Users/hectorgarcia/Library/Developer/Xcode/DerivedData/LyoApp-ghvryrcyjlackpepinlapfrpuols/Build/Intermediates.noindex/SwiftExplicitPrecompiledModules -clang-scanner-module-cache-path /Users/hectorgarcia/Library/Developer/Xcode/DerivedData/ModuleCache.noindex -sdk-module-cache-path /Users/hectorgarcia/Library/Developer/Xcode/DerivedData/ModuleCache.noindex -serialize-diagnostics -emit-dependencies -emit-module -emit-module-path /Users/hectorgarcia/Library/Developer/Xcode/DerivedData/LyoApp-ghvryrcyjlackpepinlapfrpuols/Build/Intermediates.noindex/LyoApp.build/Release-iphonesimulator/LyoApp.build/Objects-normal/x86_64/LyoApp.swiftmodule -validate-clang-modules-once -clang-build-session-file /Users/hectorgarcia/Library/Developer/Xcode/DerivedData/ModuleCache.noindex/Session.modulevalidation -Xcc -I/Users/hectorgarcia/Library/Developer/Xcode/DerivedData/LyoApp-ghvryrcyjlackpepinlapfrpuols/Build/Intermediates.noindex/LyoApp.build/Release-iphonesimulator/LyoApp.build/swift-overrides.hmap -emit-const-values -Xfrontend -const-gather-protocols-file -Xfrontend /Users/hectorgarcia/Library/Developer/Xcode/DerivedData/LyoApp-ghvryrcyjlackpepinlapfrpuols/Build/Intermediates.noindex/LyoApp.build/Release-iphonesimulator/LyoApp.build/Objects-normal/x86_64/LyoApp_const_extract_protocols.json -Xcc -iquote -Xcc /Users/hectorgarcia/Library/Developer/Xcode/DerivedData/LyoApp-ghvryrcyjlackpepinlapfrpuols/Build/Intermediates.noindex/LyoApp.build/Release-iphonesimulator/LyoApp.build/LyoApp-generated-files.hmap -Xcc -I/Users/hectorgarcia/Library/Developer/Xcode/DerivedData/LyoApp-ghvryrcyjlackpepinlapfrpuols/Build/Intermediates.noindex/LyoApp.build/Release-iphonesimulator/LyoApp.build/LyoApp-own-target-headers.hmap -Xcc -I/Users/hectorgarcia/Library/Developer/Xcode/DerivedData/LyoApp-ghvryrcyjlackpepinlapfrpuols/Build/Intermediates.noindex/LyoApp.build/Release-iphonesimulator/LyoApp.build/LyoApp-all-target-headers.hmap -Xcc -iquote -Xcc /Users/hectorgarcia/Library/Developer/Xcode/DerivedData/LyoApp-ghvryrcyjlackpepinlapfrpuols/Build/Intermediates.noindex/LyoApp.build/Release-iphonesimulator/LyoApp.build/LyoApp-project-headers.hmap -Xcc -I/Users/hectorgarcia/Library/Developer/Xcode/DerivedData/LyoApp-ghvryrcyjlackpepinlapfrpuols/Build/Products/Release-iphonesimulator/include -Xcc -I/Users/hectorgarcia/Library/Developer/Xcode/DerivedData/LyoApp-ghvryrcyjlackpepinlapfrpuols/Build/Intermediates.noindex/LyoApp.build/Release-iphonesimulator/LyoApp.build/DerivedSources-normal/x86_64 -Xcc -I/Users/hectorgarcia/Library/Developer/Xcode/DerivedData/LyoApp-ghvryrcyjlackpepinlapfrpuols/Build/Intermediates.noindex/LyoApp.build/Release-iphonesimulator/LyoApp.build/DerivedSources/x86_64 -Xcc -I/Users/hectorgarcia/Library/Developer/Xcode/DerivedData/LyoApp-ghvryrcyjlackpepinlapfrpuols/Build/Intermediates.noindex/LyoApp.build/Release-iphonesimulator/LyoApp.build/DerivedSources -emit-objc-header -emit-objc-header-path /Users/hectorgarcia/Library/Developer/Xcode/DerivedData/LyoApp-ghvryrcyjlackpepinlapfrpuols/Build/Intermediates.noindex/LyoApp.build/Release-iphonesimulator/LyoApp.build/Objects-normal/x86_64/LyoApp-Swift.h -working-directory /Users/hectorgarcia/Desktop/LyoApp\ July -no-emit-module-separately-wmo
error: Build input files cannot be found: '/Users/hectorgarcia/Desktop/LyoApp July/LyoApp/Config/APIKeys.swift', '/Users/hectorgarcia/Desktop/LyoApp July/LyoApp/TypingIndicator.swift'. Did you forget to declare these files as outputs of any script phases or custom build rules which produce them? (in target 'LyoApp' from project 'LyoApp')

SwiftDriver\ Compilation\ Requirements LyoApp normal arm64 com.apple.xcode.tools.swift.compiler (in target 'LyoApp' from project 'LyoApp')
    cd /Users/hectorgarcia/Desktop/LyoApp\ July
    builtin-Swift-Compilation-Requirements -- /Applications/Xcode.app/Contents/Developer/Toolchains/XcodeDefault.xctoolchain/usr/bin/swiftc -module-name LyoApp -O -whole-module-optimization -enforce-exclusivity\=checked @/Users/hectorgarcia/Library/Developer/Xcode/DerivedData/LyoApp-ghvryrcyjlackpepinlapfrpuols/Build/Intermediates.noindex/LyoApp.build/Release-iphonesimulator/LyoApp.build/Objects-normal/arm64/LyoApp.SwiftFileList -enable-bare-slash-regex -enable-experimental-feature DebugDescriptionMacro -sdk /Applications/Xcode.app/Contents/Developer/Platforms/iPhoneSimulator.platform/Developer/SDKs/iPhoneSimulator26.0.sdk -target arm64-apple-ios17.0-simulator -g -module-cache-path /Users/hectorgarcia/Library/Developer/Xcode/DerivedData/ModuleCache.noindex -Xfrontend -serialize-debugging-options -swift-version 5 -I /Users/hectorgarcia/Library/Developer/Xcode/DerivedData/LyoApp-ghvryrcyjlackpepinlapfrpuols/Build/Products/Release-iphonesimulator -F /Users/hectorgarcia/Library/Developer/Xcode/DerivedData/LyoApp-ghvryrcyjlackpepinlapfrpuols/Build/Products/Release-iphonesimulator -c -num-threads 8 -Xcc -ivfsstatcache -Xcc /Users/hectorgarcia/Library/Developer/Xcode/DerivedData/SDKStatCaches.noindex/iphonesimulator26.0-23A339-26257891a6c027eb51374368541b8346.sdkstatcache -output-file-map /Users/hectorgarcia/Library/Developer/Xcode/DerivedData/LyoApp-ghvryrcyjlackpepinlapfrpuols/Build/Intermediates.noindex/LyoApp.build/Release-iphonesimulator/LyoApp.build/Objects-normal/arm64/LyoApp-OutputFileMap.json -use-frontend-parseable-output -save-temps -no-color-diagnostics -explicit-module-build -module-cache-path /Users/hectorgarcia/Library/Developer/Xcode/DerivedData/LyoApp-ghvryrcyjlackpepinlapfrpuols/Build/Intermediates.noindex/SwiftExplicitPrecompiledModules -clang-scanner-module-cache-path /Users/hectorgarcia/Library/Developer/Xcode/DerivedData/ModuleCache.noindex -sdk-module-cache-path /Users/hectorgarcia/Library/Developer/Xcode/DerivedData/ModuleCache.noindex -serialize-diagnostics -emit-dependencies -emit-module -emit-module-path /Users/hectorgarcia/Library/Developer/Xcode/DerivedData/LyoApp-ghvryrcyjlackpepinlapfrpuols/Build/Intermediates.noindex/LyoApp.build/Release-iphonesimulator/LyoApp.build/Objects-normal/arm64/LyoApp.swiftmodule -validate-clang-modules-once -clang-build-session-file /Users/hectorgarcia/Library/Developer/Xcode/DerivedData/ModuleCache.noindex/Session.modulevalidation -Xcc -I/Users/hectorgarcia/Library/Developer/Xcode/DerivedData/LyoApp-ghvryrcyjlackpepinlapfrpuols/Build/Intermediates.noindex/LyoApp.build/Release-iphonesimulator/LyoApp.build/swift-overrides.hmap -emit-const-values -Xfrontend -const-gather-protocols-file -Xfrontend /Users/hectorgarcia/Library/Developer/Xcode/DerivedData/LyoApp-ghvryrcyjlackpepinlapfrpuols/Build/Intermediates.noindex/LyoApp.build/Release-iphonesimulator/LyoApp.build/Objects-normal/arm64/LyoApp_const_extract_protocols.json -Xcc -iquote -Xcc /Users/hectorgarcia/Library/Developer/Xcode/DerivedData/LyoApp-ghvryrcyjlackpepinlapfrpuols/Build/Intermediates.noindex/LyoApp.build/Release-iphonesimulator/LyoApp.build/LyoApp-generated-files.hmap -Xcc -I/Users/hectorgarcia/Library/Developer/Xcode/DerivedData/LyoApp-ghvryrcyjlackpepinlapfrpuols/Build/Intermediates.noindex/LyoApp.build/Release-iphonesimulator/LyoApp.build/LyoApp-own-target-headers.hmap -Xcc -I/Users/hectorgarcia/Library/Developer/Xcode/DerivedData/LyoApp-ghvryrcyjlackpepinlapfrpuols/Build/Intermediates.noindex/LyoApp.build/Release-iphonesimulator/LyoApp.build/LyoApp-all-target-headers.hmap -Xcc -iquote -Xcc /Users/hectorgarcia/Library/Developer/Xcode/DerivedData/LyoApp-ghvryrcyjlackpepinlapfrpuols/Build/Intermediates.noindex/LyoApp.build/Release-iphonesimulator/LyoApp.build/LyoApp-project-headers.hmap -Xcc -I/Users/hectorgarcia/Library/Developer/Xcode/DerivedData/LyoApp-ghvryrcyjlackpepinlapfrpuols/Build/Products/Release-iphonesimulator/include -Xcc -I/Users/hectorgarcia/Library/Developer/Xcode/DerivedData/LyoApp-ghvryrcyjlackpepinlapfrpuols/Build/Intermediates.noindex/LyoApp.build/Release-iphonesimulator/LyoApp.build/DerivedSources-normal/arm64 -Xcc -I/Users/hectorgarcia/Library/Developer/Xcode/DerivedData/LyoApp-ghvryrcyjlackpepinlapfrpuols/Build/Intermediates.noindex/LyoApp.build/Release-iphonesimulator/LyoApp.build/DerivedSources/arm64 -Xcc -I/Users/hectorgarcia/Library/Developer/Xcode/DerivedData/LyoApp-ghvryrcyjlackpepinlapfrpuols/Build/Intermediates.noindex/LyoApp.build/Release-iphonesimulator/LyoApp.build/DerivedSources -emit-objc-header -emit-objc-header-path /Users/hectorgarcia/Library/Developer/Xcode/DerivedData/LyoApp-ghvryrcyjlackpepinlapfrpuols/Build/Intermediates.noindex/LyoApp.build/Release-iphonesimulator/LyoApp.build/Objects-normal/arm64/LyoApp-Swift.h -working-directory /Users/hectorgarcia/Desktop/LyoApp\ July -no-emit-module-separately-wmo
error: Build input files cannot be found: '/Users/hectorgarcia/Desktop/LyoApp July/LyoApp/Config/APIKeys.swift', '/Users/hectorgarcia/Desktop/LyoApp July/LyoApp/TypingIndicator.swift'. Did you forget to declare these files as outputs of any script phases or custom build rules which produce them? (in target 'LyoApp' from project 'LyoApp')

** BUILD FAILED **


The following build commands failed:
	SwiftDriver\ Compilation LyoApp normal arm64 com.apple.xcode.tools.swift.compiler (in target 'LyoApp' from project 'LyoApp')
	SwiftDriver\ Compilation LyoApp normal x86_64 com.apple.xcode.tools.swift.compiler (in target 'LyoApp' from project 'LyoApp')
	SwiftDriver\ Compilation\ Requirements LyoApp normal x86_64 com.apple.xcode.tools.swift.compiler (in target 'LyoApp' from project 'LyoApp')
	SwiftDriver\ Compilation\ Requirements LyoApp normal arm64 com.apple.xcode.tools.swift.compiler (in target 'LyoApp' from project 'LyoApp')
	Building project LyoApp with scheme LyoApp 1
(5 failures)
